<?xml version="1.0" encoding="UTF-8"?>
<!-- Generated by org.testng.reporters.JUnitReportReporter -->
<testsuite skipped="0" hostname="DESKTOP-JVKCHTK" name="seleniumdemo.selenium.BeforeAndAfterClass" tests="4" failures="0" timestamp="03 Aug 2020 15:28:50 GMT" time="0.006" errors="0">
  <testcase name="secondGroupMethodOne" time="0.000" classname="seleniumdemo.selenium.BeforeAndAfterClass"/>
  <testcase name="secondGroupMethodTwo" time="0.001" classname="seleniumdemo.selenium.BeforeAndAfterClass"/>
  <testcase name="firstGroupMethodTwo" time="0.001" classname="seleniumdemo.selenium.BeforeAndAfterClass"/>
  <testcase name="firstGroupMethodOne" time="0.004" classname="seleniumdemo.selenium.BeforeAndAfterClass"/>
</testsuite> <!-- seleniumdemo.selenium.BeforeAndAfterClass -->
